--19dcd8c--2018-08-04--wellxchen
0	21	code-maat-master/.gitignore
0	3	code-maat-master/.mailmap
0	4	code-maat-master/.travis.yml
0	15	code-maat-master/Dockerfile
0	295	code-maat-master/README.md
-	-	code-maat-master/doc/imgs/abs_churn_sample.png
-	-	code-maat-master/doc/imgs/code_age_sample.png
-	-	code-maat-master/doc/imgs/coupling_sample.png
-	-	code-maat-master/doc/imgs/crime_cover.jpg
-	-	code-maat-master/doc/imgs/tree_map_sample.png
0	3	code-maat-master/doc/intro.md
0	22	code-maat-master/project.clj
0	74	code-maat-master/src/code_maat/analysis/authors.clj
0	205	code-maat-master/src/code_maat/analysis/churn.clj
0	75	code-maat-master/src/code_maat/analysis/code_age.clj
0	72	code-maat-master/src/code_maat/analysis/commit_messages.clj
0	102	code-maat-master/src/code_maat/analysis/communication.clj
0	100	code-maat-master/src/code_maat/analysis/coupling_algos.clj
0	109	code-maat-master/src/code_maat/analysis/effort.clj
0	48	code-maat-master/src/code_maat/analysis/entities.clj
0	58	code-maat-master/src/code_maat/analysis/logical_coupling.clj
0	19	code-maat-master/src/code_maat/analysis/math.clj
0	64	code-maat-master/src/code_maat/analysis/sum_of_coupling.clj
0	28	code-maat-master/src/code_maat/analysis/summary.clj
0	13	code-maat-master/src/code_maat/analysis/workarounds.clj
0	236	code-maat-master/src/code_maat/app/app.clj
0	137	code-maat-master/src/code_maat/app/grouper.clj
0	25	code-maat-master/src/code_maat/app/team_mapper.clj
0	40	code-maat-master/src/code_maat/app/time_based_grouper.clj
0	75	code-maat-master/src/code_maat/cmd_line.clj
0	58	code-maat-master/src/code_maat/dataset/dataset.clj
0	29	code-maat-master/src/code_maat/output/csv.clj
0	11	code-maat-master/src/code_maat/output/filters.clj
0	75	code-maat-master/src/code_maat/parsers/git.clj
0	84	code-maat-master/src/code_maat/parsers/git2.clj
0	163	code-maat-master/src/code_maat/parsers/hiccup_based_parser.clj
0	48	code-maat-master/src/code_maat/parsers/limitters.clj
0	63	code-maat-master/src/code_maat/parsers/mercurial.clj
0	71	code-maat-master/src/code_maat/parsers/perforce.clj
0	72	code-maat-master/src/code_maat/parsers/svn.clj
0	109	code-maat-master/src/code_maat/parsers/tfs.clj
0	25	code-maat-master/src/code_maat/parsers/time_parser.clj
0	17	code-maat-master/src/code_maat/parsers/xml.clj
0	31	code-maat-master/src/code_maat/test/data_driven.clj
0	37	code-maat-master/test/code_maat/analysis/authors_test.clj
0	125	code-maat-master/test/code_maat/analysis/churn_test.clj
0	50	code-maat-master/test/code_maat/analysis/code_age_test.clj
0	26	code-maat-master/test/code_maat/analysis/commit_messages_test.clj
0	28	code-maat-master/test/code_maat/analysis/communication_test.clj
0	52	code-maat-master/test/code_maat/analysis/coupling_algos_test.clj
0	62	code-maat-master/test/code_maat/analysis/effort_test.clj
0	29	code-maat-master/test/code_maat/analysis/entities_test.clj
0	47	code-maat-master/test/code_maat/analysis/logical_coupling_test.clj
0	15	code-maat-master/test/code_maat/analysis/math_test.clj
0	25	code-maat-master/test/code_maat/analysis/sum_of_coupling_test.clj
0	32	code-maat-master/test/code_maat/analysis/test_data.clj
0	12	code-maat-master/test/code_maat/app/cmd_line_test.clj
0	6	code-maat-master/test/code_maat/app/day_coupled_entities_git.txt
0	132	code-maat-master/test/code_maat/app/grouper_test.clj
0	36	code-maat-master/test/code_maat/app/team_mapper_test.clj
0	44	code-maat-master/test/code_maat/app/time_based_grouper_test.clj
0	34	code-maat-master/test/code_maat/dataset/dataset_test.clj
0	42	code-maat-master/test/code_maat/end_to_end/churn_scenario_test.clj
0	0	code-maat-master/test/code_maat/end_to_end/empty.git
0	0	code-maat-master/test/code_maat/end_to_end/empty.hg
0	0	code-maat-master/test/code_maat/end_to_end/empty.p4
0	3	code-maat-master/test/code_maat/end_to_end/empty.xml
0	18	code-maat-master/test/code_maat/end_to_end/git2_live_data_test.clj
0	58	code-maat-master/test/code_maat/end_to_end/git2_live_data_test_with_group.clj
0	18	code-maat-master/test/code_maat/end_to_end/git_live_data_test.clj
0	18	code-maat-master/test/code_maat/end_to_end/mercurial_live_data_test.clj
0	238	code-maat-master/test/code_maat/end_to_end/mono_git.log
0	18	code-maat-master/test/code_maat/end_to_end/perforce_live_data_test.clj
0	4	code-maat-master/test/code_maat/end_to_end/regex-and-text-layers-definition.txt
0	2	code-maat-master/test/code_maat/end_to_end/regex-layers-definition.txt
0	25	code-maat-master/test/code_maat/end_to_end/roslyn_git.log
0	20	code-maat-master/test/code_maat/end_to_end/sample_p4.log
0	197	code-maat-master/test/code_maat/end_to_end/scenario_tests.clj
0	31	code-maat-master/test/code_maat/end_to_end/simple.xml
0	6	code-maat-master/test/code_maat/end_to_end/simple_git.txt
0	6	code-maat-master/test/code_maat/end_to_end/simple_git2.txt
0	6	code-maat-master/test/code_maat/end_to_end/simple_hg.txt
0	10	code-maat-master/test/code_maat/end_to_end/simple_p4.txt
0	9629	code-maat-master/test/code_maat/end_to_end/statsvn.log
0	21	code-maat-master/test/code_maat/end_to_end/svn_live_data_test.clj
0	28	code-maat-master/test/code_maat/end_to_end/team_level_analyses_test.clj
0	2	code-maat-master/test/code_maat/end_to_end/text-layers-definition.txt
0	27	code-maat-master/test/code_maat/end_to_end/tfs.log
0	18	code-maat-master/test/code_maat/end_to_end/tfs_live_data_test.clj
0	493	code-maat-master/test/code_maat/end_to_end/tpp_hg.log
0	129	code-maat-master/test/code_maat/parsers/git2_test.clj
0	164	code-maat-master/test/code_maat/parsers/git_test.clj
0	36	code-maat-master/test/code_maat/parsers/mercurial_test.clj
0	81	code-maat-master/test/code_maat/parsers/perforce_test.clj
0	90	code-maat-master/test/code_maat/parsers/svn_test.clj
0	234	code-maat-master/test/code_maat/parsers/tfs_test.clj
0	14	code-maat-master/test/code_maat/parsers/time_parser_test.clj
0	23	code-maat-master/test/code_maat/tools/test_tools.clj
-	-	server/dependencies/code-maat-1.1-SNAPSHOT-standalone.jar
1046	0	server/dependencies/logfile.log
0	62	server/python/Categories.py
42	3	server/python/CategoriesHelper.py
1	1	server/python/FormatHelper.py
63	39	server/python/LocalHelper.py
11	3	server/python/ProcessSonar.py
17	0	server/shell/code_maat.sh

--b7c8bf8--2018-07-23--wellxchen
21	0	code-maat-master/.gitignore
3	0	code-maat-master/.mailmap
4	0	code-maat-master/.travis.yml
15	0	code-maat-master/Dockerfile
295	0	code-maat-master/README.md
-	-	code-maat-master/doc/imgs/abs_churn_sample.png
-	-	code-maat-master/doc/imgs/code_age_sample.png
-	-	code-maat-master/doc/imgs/coupling_sample.png
-	-	code-maat-master/doc/imgs/crime_cover.jpg
-	-	code-maat-master/doc/imgs/tree_map_sample.png
3	0	code-maat-master/doc/intro.md
22	0	code-maat-master/project.clj
74	0	code-maat-master/src/code_maat/analysis/authors.clj
205	0	code-maat-master/src/code_maat/analysis/churn.clj
75	0	code-maat-master/src/code_maat/analysis/code_age.clj
72	0	code-maat-master/src/code_maat/analysis/commit_messages.clj
102	0	code-maat-master/src/code_maat/analysis/communication.clj
100	0	code-maat-master/src/code_maat/analysis/coupling_algos.clj
109	0	code-maat-master/src/code_maat/analysis/effort.clj
48	0	code-maat-master/src/code_maat/analysis/entities.clj
58	0	code-maat-master/src/code_maat/analysis/logical_coupling.clj
19	0	code-maat-master/src/code_maat/analysis/math.clj
64	0	code-maat-master/src/code_maat/analysis/sum_of_coupling.clj
28	0	code-maat-master/src/code_maat/analysis/summary.clj
13	0	code-maat-master/src/code_maat/analysis/workarounds.clj
236	0	code-maat-master/src/code_maat/app/app.clj
137	0	code-maat-master/src/code_maat/app/grouper.clj
25	0	code-maat-master/src/code_maat/app/team_mapper.clj
40	0	code-maat-master/src/code_maat/app/time_based_grouper.clj
75	0	code-maat-master/src/code_maat/cmd_line.clj
58	0	code-maat-master/src/code_maat/dataset/dataset.clj
29	0	code-maat-master/src/code_maat/output/csv.clj
11	0	code-maat-master/src/code_maat/output/filters.clj
75	0	code-maat-master/src/code_maat/parsers/git.clj
84	0	code-maat-master/src/code_maat/parsers/git2.clj
163	0	code-maat-master/src/code_maat/parsers/hiccup_based_parser.clj
48	0	code-maat-master/src/code_maat/parsers/limitters.clj
63	0	code-maat-master/src/code_maat/parsers/mercurial.clj
71	0	code-maat-master/src/code_maat/parsers/perforce.clj
72	0	code-maat-master/src/code_maat/parsers/svn.clj
109	0	code-maat-master/src/code_maat/parsers/tfs.clj
25	0	code-maat-master/src/code_maat/parsers/time_parser.clj
17	0	code-maat-master/src/code_maat/parsers/xml.clj
31	0	code-maat-master/src/code_maat/test/data_driven.clj
37	0	code-maat-master/test/code_maat/analysis/authors_test.clj
125	0	code-maat-master/test/code_maat/analysis/churn_test.clj
50	0	code-maat-master/test/code_maat/analysis/code_age_test.clj
26	0	code-maat-master/test/code_maat/analysis/commit_messages_test.clj
28	0	code-maat-master/test/code_maat/analysis/communication_test.clj
52	0	code-maat-master/test/code_maat/analysis/coupling_algos_test.clj
62	0	code-maat-master/test/code_maat/analysis/effort_test.clj
29	0	code-maat-master/test/code_maat/analysis/entities_test.clj
47	0	code-maat-master/test/code_maat/analysis/logical_coupling_test.clj
15	0	code-maat-master/test/code_maat/analysis/math_test.clj
25	0	code-maat-master/test/code_maat/analysis/sum_of_coupling_test.clj
32	0	code-maat-master/test/code_maat/analysis/test_data.clj
12	0	code-maat-master/test/code_maat/app/cmd_line_test.clj
6	0	code-maat-master/test/code_maat/app/day_coupled_entities_git.txt
132	0	code-maat-master/test/code_maat/app/grouper_test.clj
36	0	code-maat-master/test/code_maat/app/team_mapper_test.clj
44	0	code-maat-master/test/code_maat/app/time_based_grouper_test.clj
34	0	code-maat-master/test/code_maat/dataset/dataset_test.clj
42	0	code-maat-master/test/code_maat/end_to_end/churn_scenario_test.clj
0	0	code-maat-master/test/code_maat/end_to_end/empty.git
0	0	code-maat-master/test/code_maat/end_to_end/empty.hg
0	0	code-maat-master/test/code_maat/end_to_end/empty.p4
3	0	code-maat-master/test/code_maat/end_to_end/empty.xml
18	0	code-maat-master/test/code_maat/end_to_end/git2_live_data_test.clj
58	0	code-maat-master/test/code_maat/end_to_end/git2_live_data_test_with_group.clj
18	0	code-maat-master/test/code_maat/end_to_end/git_live_data_test.clj
18	0	code-maat-master/test/code_maat/end_to_end/mercurial_live_data_test.clj
238	0	code-maat-master/test/code_maat/end_to_end/mono_git.log
18	0	code-maat-master/test/code_maat/end_to_end/perforce_live_data_test.clj
4	0	code-maat-master/test/code_maat/end_to_end/regex-and-text-layers-definition.txt
2	0	code-maat-master/test/code_maat/end_to_end/regex-layers-definition.txt
25	0	code-maat-master/test/code_maat/end_to_end/roslyn_git.log
20	0	code-maat-master/test/code_maat/end_to_end/sample_p4.log
197	0	code-maat-master/test/code_maat/end_to_end/scenario_tests.clj
31	0	code-maat-master/test/code_maat/end_to_end/simple.xml
6	0	code-maat-master/test/code_maat/end_to_end/simple_git.txt
6	0	code-maat-master/test/code_maat/end_to_end/simple_git2.txt
6	0	code-maat-master/test/code_maat/end_to_end/simple_hg.txt
10	0	code-maat-master/test/code_maat/end_to_end/simple_p4.txt
9629	0	code-maat-master/test/code_maat/end_to_end/statsvn.log
21	0	code-maat-master/test/code_maat/end_to_end/svn_live_data_test.clj
28	0	code-maat-master/test/code_maat/end_to_end/team_level_analyses_test.clj
2	0	code-maat-master/test/code_maat/end_to_end/text-layers-definition.txt
27	0	code-maat-master/test/code_maat/end_to_end/tfs.log
18	0	code-maat-master/test/code_maat/end_to_end/tfs_live_data_test.clj
493	0	code-maat-master/test/code_maat/end_to_end/tpp_hg.log
129	0	code-maat-master/test/code_maat/parsers/git2_test.clj
164	0	code-maat-master/test/code_maat/parsers/git_test.clj
36	0	code-maat-master/test/code_maat/parsers/mercurial_test.clj
81	0	code-maat-master/test/code_maat/parsers/perforce_test.clj
90	0	code-maat-master/test/code_maat/parsers/svn_test.clj
234	0	code-maat-master/test/code_maat/parsers/tfs_test.clj
14	0	code-maat-master/test/code_maat/parsers/time_parser_test.clj
23	0	code-maat-master/test/code_maat/tools/test_tools.clj
1	1	server/documents/requirements.txt
3	1	server/python/LocalHelper.py

--0250bf2--2018-07-10--wellxchen
62	0	server/python/Categories.py
2	2	server/python/CategoriesHelper.py
1	1	server/python/ProcessSonar.py
0	62	server/python/categories.py

--74fb15a--2018-07-03--wellxchen
7	4	server/python/LocalHelper.py
34	218	server/python/categories.py

--3540c93--2018-07-03--wellxchen
36	0	server/json/description.json
10	0	server/json/description_duplication.json
535	0	server/json/rule.json
3	0	server/json/severity.json
22	0	server/json/title.json

--463e313--2018-07-01--wellxchen
26	0	server/python/DataHelper.py
37	1	server/python/LocalHelper.py
17	22	server/python/ProcessSonar.py
1	1	server/python/ScoreHelper.py
19	4	server/shell/logs.sh

--d746606--2018-06-25--chengkang Xu
1	1	README.md

--8fcb618--2018-06-25--wellxchen
3	1	server/python/SonarHelper.py

--2232c94--2018-06-25--chengkang Xu
5	5	README.md

--98e3036--2018-06-25--chengkang Xu
3	0	README.md

--2bdb719--2018-06-25--chengkang Xu
1	1	README.md

--00d0e4e--2018-06-25--chengkang Xu
12	12	README.md

--5765e12--2018-06-25--chengkang Xu
4	0	README.md

--6b58086--2018-06-25--wellxchen
111	46	server/python/SonarHelper.py

--03346a4--2018-06-25--wellxchen
68	4	server/python/DataHelper.py
8	0	server/python/Helper.py

--6b2a16c--2018-06-25--wellxchen
43	2	server/python/CategoriesHelper.py
48	5	server/python/FormatHelper.py
4	1	server/python/categories.py

--8ae6875--2018-06-25--wellxchen
20	1	server/python/CategoriesHelper.py
30	13	server/python/ScoreHelper.py

--3ce4ca6--2018-06-25--wellxchen
19	1	server/python/CategoriesHelper.py

--4fa6961--2018-06-25--wellxchen
0	153	server/json/rules.json
4	1	server/python/CategoriesHelper.py
16	4	server/python/LocalHelper.py
11	15	server/python/ProcessSonar.py
4	6	server/python/ScoreHelper.py
34	5	server/python/SonarHelper.py
15	0	server/shell/logs.sh

--e566c08--2018-06-25--wellxchen
1	0	server/python/CategoriesHelper.py
1	1	server/python/DataHelper.py
0	2	server/python/ProcessSonar.py

--baad5e9--2018-06-25--wellxchen
153	0	server/json/rules.json
34	28	server/python/CategoriesHelper.py
57	45	server/python/DataHelper.py
5	1	server/python/FormatHelper.py
5	1	server/python/GitlabHelper.py
8	0	server/python/Helper.py
33	9	server/python/LocalHelper.py
64	92	server/python/ProcessSonar.py
19	15	server/python/ScoreHelper.py
118	46	server/python/SonarHelper.py
3	0	server/python/__init__.py
3	37	server/python/categories.py

--62dfae4--2018-06-21--wellxchen
7	0	server/python/SonarHelper.py

--5904448--2018-06-21--wellxchen
3	13	server/python/CategoriesHelper.py
2	0	server/python/categories.py

--20fb97b--2018-06-21--wellxchen
3	3	server/python/DataHelper.py
2	0	server/python/ProcessSonar.py

--f43f4b3--2018-06-21--wellxchen
2	13	server/python/ProcessSonar.py

--bf2c5d5--2018-06-21--wellxchen
12	0	server/python/CategoriesHelper.py
29	1	server/python/DataHelper.py
28	6	server/python/ProcessSonar.py
0	1	server/python/SonarHelper.py
1	1	server/python/__init__.py

--8913db1--2018-06-21--wellxchen
1	1	server/python/DataHelper.py
3	2	server/python/ProcessSonar.py

--1aa6e5c--2018-06-21--wellxchen
1	1	server/python/DataHelper.py

--f3e202d--2018-06-21--wellxchen
10	4	server/python/CategoriesHelper.py
41	31	server/python/DataHelper.py
7	27	server/python/ProcessSonar.py
15	5	server/python/ScoreHelper.py
10	3	server/python/SonarHelper.py
3	3	server/python/__init__.py

--d36759c--2018-06-20--wellxchen
3	4	server/python/ProcessSonar.py
12	5	server/python/SonarHelper.py

--3816c47--2018-06-20--wellxchen
1	6	server/python/CategoriesHelper.py
48	7	server/python/DataHelper.py
2	0	server/python/FormatHelper.py
35	25	server/python/LocalHelper.py
31	52	server/python/ProcessSonar.py
33	17	server/python/SonarHelper.py

--7a1c53d--2018-06-20--wellxchen
1	0	server/python/ProcessSonar.py

--598aa3a--2018-06-20--wellxchen
2	2	server/python/DataHelper.py
19	22	server/python/ProcessSonar.py
39	11	server/python/SonarHelper.py

--83d1ae4--2018-06-20--chengkang Xu
11	0	README.md

--f67db02--2018-06-20--chengkang Xu
12	1	README.md

--ba36ff2--2018-06-20--wellxchen
31	21	server/python/ProcessSonar.py
13	4	server/python/__init__.py

--9ac310f--2018-06-20--wellxchen
28	11	server/python/ProcessSonar.py

--88b1ffa--2018-06-20--wellxchen
20	4	server/python/ProcessSonar.py

--7ad48e5--2018-06-20--wellxchen
41	18	server/python/ProcessSonar.py

--0cf2f86--2018-06-20--wellxchen
43	16	server/python/ProcessSonar.py
50	1	server/python/__init__.py

--50868ef--2018-06-20--wellxchen
3	0	server/python/DataHelper.py
3	0	server/python/GitlabHelper.py
15	9	server/python/ProcessSonar.py
3	0	server/python/ScoreHelper.py
3	0	server/python/SonarHelper.py

--59f049b--2018-06-19--wellxchen
4	0	server/python/CategoriesHelper.py
3	0	server/python/FormatHelper.py
3	0	server/python/LocalHelper.py
4	0	server/python/categories.py

--bf87c77--2018-06-19--wellxchen
2	2	server/python/LocalHelper.py
1	0	server/python/ProcessSonar.py

--d19356d--2018-06-19--wellxchen
1	1	server/python/CategoriesHelper.py
55	4	server/python/LocalHelper.py

--b3879c9--2018-06-19--wellxchen
8	0	server/python/CategoriesHelper.py
64	1	server/python/FormatHelper.py
55	5	server/python/LocalHelper.py
84	78	server/python/ProcessSonar.py
11	1	server/python/SonarHelper.py
18	0	server/shell/checkdir.sh
1	1	server/shell/codes.sh
17	1	server/shell/logs.sh
30	0	server/shell/makecachedir.sh
0	30	server/shell/makedir.sh

--50ea0f6--2018-06-19--wellxchen
16	16	server/python/CategoriesHelper.py
8	0	server/python/LocalHelper.py
31	23	server/python/ProcessSonar.py
3	0	server/python/SonarHelper.py

--605a649--2018-06-19--wellxchen
--8e68e36--2018-06-19--wellxchen
76	0	server/python/CategoriesHelper.py
10	10	server/python/DataHelper.py
0	1	server/python/GitlabHelper.py
3	6	server/python/LocalHelper.py
15	17	server/python/ProcessSonar.py
79	142	server/python/categories.py

--d1325a2--2018-06-11--chengkang Xu
1	0	server/python/categories.py

--d983c00--2018-06-11--chengkang Xu
1	1	README.md

--814f89e--2018-06-11--chengkang Xu
1	1	README.md

--2b76c5f--2018-06-11--chengkang Xu
2	2	README.md

--1beb9c5--2018-06-11--chengkang Xu
4	5	README.md

--c8b303f--2018-06-11--chengkang Xu
1	1	README.md

--0093c3f--2018-06-11--chengkang Xu
2	1	README.md

--b911d51--2018-06-11--chengkang Xu
5	0	README.md

--8363c2a--2018-06-11--chengkang Xu
5	5	README.md

--d6060f8--2018-06-11--chengkang Xu
0	1	README.md

--e896d5e--2018-06-11--chengkang Xu
1	1	README.md

--9b0a90b--2018-06-11--chengkang Xu
1	1	README.md

--1c1714b--2018-06-11--chengkang Xu
7	1	README.md

--b903819--2018-06-03--chengkang Xu
1	1	README.md

--fff7047--2018-06-03--chengkang Xu
2	3	README.md

--6d094b7--2018-05-30--wellxchen
5	0	server/python/DataHelper.py
4	2	server/python/FormatHelper.py
6	3	server/python/GitlabHelper.py
6	2	server/python/LocalHelper.py
3	6	server/python/ProcessSonar.py
4	0	server/python/ScoreHelper.py
4	0	server/python/SonarHelper.py
6	1	server/python/__init__.py

--eca6c6a--2018-05-29--wellxchen
2	0	server/python/FormatHelper.py
7	1	server/python/ProcessSonar.py

--5d2f1bc--2018-05-29--wellxchen
81	0	server/python/DataHelper.py
54	0	server/python/FormatHelper.py
41	0	server/python/GitlabHelper.py
73	0	server/python/LocalHelper.py
34	33	server/python/ProcessSonar.py
67	0	server/python/ScoreHelper.py
123	0	server/python/SonarHelper.py
8	10	server/python/categories.py
0	416	server/python/utility.py

--e9a70c1--2018-05-28--wellxchen
5	7	server/python/ProcessSonar.py
27	12	server/python/categories.py
2	2	server/python/utility.py

--e05c6d8--2018-05-28--wellxchen
3	1	server/python/ProcessSonar.py
44	9	server/python/categories.py
14	92	server/python/utility.py

--ef03ac6--2018-05-28--chengkang Xu
1	1	README.md

--1d74df8--2018-05-28--chengkang Xu
3	2	README.md

--6bf091a--2018-05-18--chengkang Xu
1	1	README.md

--7d9937c--2018-05-18--chengkang Xu
1	0	README.md

--e561e43--2018-05-02--chengkang Xu
10	4	server/python/ProcessSonar.py

--42123a6--2018-04-19--wellxchen
3	2	server/python/ProcessSonar.py
1	1	server/python/utility.py

--742cb77--2018-04-19--wellxchen
7	1	server/python/ProcessSonar.py
6	0	server/python/utility.py

--75943da--2018-04-19--wellxchen
1	2	server/python/ProcessSonar.py

--18a7ed7--2018-04-19--wellxchen
13	0	server/documents/config.ini
12	8	server/python/ProcessSonar.py
24	2	server/python/utility.py

--86ca0ca--2018-04-17--wellxchen
4	2	server/python/ProcessSonar.py
2	0	server/python/utility.py

--0f88f04--2018-04-16--wellxchen
3	3	server/python/ProcessSonar.py

--917f385--2018-04-16--wellxchen
3	4	server/python/ProcessSonar.py
1	1	server/sonarqube_backend.wsgi

--fad3e7e--2018-04-16--wellxchen
3	3	server/python/ProcessSonar.py
1	0	server/python/utility.py

--261b2ac--2018-04-16--wellxchen
2	2	server/python/utility.py
1	1	server/sonarqube_backend.wsgi

--04d1120--2018-04-15--wellxchen
3	3	server/python/ProcessSonar.py

--8eed9d2--2018-04-15--wellxchen
6	0	server/python/ProcessSonar.py
8	4	server/python/__init__.py
2	2	server/python/utility.py
1	1	server/shell/codes.sh
7	1	server/shell/logs.sh
3	1	server/shell/makedir.sh
2	1	server/shell/stats.sh

--d2d68b8--2018-04-15--wellxchen
5	1	server/python/ProcessSonar.py

--1c61d9c--2018-04-15--wellxchen
6	0	server/sonarqube_backend.wsgi
0	6	sonarqube_backend.wsgi

--fef9a0c--2018-04-15--wellxchen
1	1	sonarqube_backend.wsgi

--c840b61--2018-04-15--wellxchen
0	6	server/python/sonarqube_backend.wsgi

--4251af0--2018-04-15--wellxchen
1	1	server/python/sonarqube_backend.wsgi
6	0	sonarqube_backend.wsgi

--4c8fd63--2018-04-15--wellxchen
6	0	server/python/sonarqube_backend.wsgi
0	6	sonarqube_backend.wsgi

--73946c1--2018-04-15--wellxchen
2	0	server/python/ProcessSonar.py

--60f4889--2018-04-15--wellxchen
14	3	server/python/ProcessSonar.py
3	3	server/shell/codes.sh
3	3	server/shell/logs.sh
1	1	server/shell/makedir.sh
3	3	server/shell/stats.sh

--f8383af--2018-04-15--wellxchen
6	5	server/python/ProcessSonar.py
2	2	server/python/utility.py

--8ab0f19--2018-04-15--wellxchen
1	1	server/python/utility.py

--9f25f34--2018-04-15--wellxchen
1	1	.gitignore
0	395	server/ProcessSonar.py
0	75	server/__init__.py
0	285	server/categories.py
0	31	server/git.sh
420	0	server/python/ProcessSonar.py
75	0	server/python/__init__.py
285	0	server/python/categories.py
463	0	server/python/utility.py
22	0	server/shell/codes.sh
18	0	server/shell/logs.sh
28	0	server/shell/makedir.sh
20	0	server/shell/stats.sh
0	16	server/stats.sh
0	447	server/utility.py

--61fdb5a--2018-04-15--wellxchen
14	7	server/ProcessSonar.py
8	0	server/utility.py

--70b1988--2018-04-15--wellxchen
4	1	server/ProcessSonar.py
9	6	server/git.sh
8	4	server/stats.sh

--141f86c--2018-04-15--wellxchen
14	72	server/ProcessSonar.py
1	0	server/git.sh

--2d82a1f--2018-04-15--wellxchen
9	8	server/ProcessSonar.py
27	0	server/git.sh
1	24	server/stats.sh

--09c6f38--2018-04-15--wellxchen
1	1	server/ProcessSonar.py

--501ff57--2018-04-15--wellxchen
3	2	server/ProcessSonar.py

--7ae9ee6--2018-04-15--wellxchen
16	14	server/ProcessSonar.py
10	9	server/__init__.py

--6e79cdd--2018-04-15--wellxchen
22	12	server/ProcessSonar.py
5	6	server/__init__.py

--406c915--2018-04-14--wellxchen
1	1	server/ProcessSonar.py

--0dd0528--2018-04-11--chengkang Xu
1	1	README.md

--01b0d23--2018-04-09--wellxchen
33	22	server/ProcessSonar.py

--5e34dec--2018-04-08--wellxchen
1	1	server/ProcessSonar.py

--e3dc252--2018-04-08--wellxchen
2	2	server/__init__.py

--8cc7b47--2018-04-08--wellxchen
1	1	.gitignore
6	3	server/stats.sh

--317bd1d--2018-04-08--wellxchen
69	25	server/ProcessSonar.py
29	3	server/stats.sh
5	0	server/utility.py

--b55bf6b--2018-04-08--wellxchen
1	0	.gitignore
11	16	server/ProcessSonar.py
1	6	server/__init__.py
6	1	server/stats.sh

--8a8f02b--2018-04-07--wellxchen
3	3	server/__init__.py

--ea7f46b--2018-04-07--wellxchen
1	1	server/__init__.py

--8055397--2018-04-05--wellxchen
1	1	server/ProcessSonar.py

--db1afd5--2018-04-05--wellxchen
37	12	server/ProcessSonar.py
9	3	server/__init__.py
1	0	server/stats.sh
14	1	server/utility.py

--4f0fadb--2018-04-03--wellxchen
8	2	server/ProcessSonar.py
8	2	server/__init__.py

--7701705--2018-03-26--wellxchen
2	1	server/ProcessSonar.py
1	1	server/documents/requirements.txt

--4b7b8f1--2018-03-21--wellxchen
3	1	server/ProcessSonar.py

--790bb39--2018-03-19--wellxchen
6	0	sonarqube_backend.wsgi

--2b61c59--2018-03-17--wellxchen
0	46	server/documents/example.json

--a6371b7--2018-03-16--wellxchen
19	33	server/ProcessSonar.py
25	2	server/utility.py

--a628f30--2018-03-16--wellxchen
0	0	server/documents/.gitkeep
0	0	server/documents/local/.gitkeep

--55185dd--2018-03-16--wellxchen
2	3	.gitignore
0	4	requirements.txt
29	0	server/documents/pipeline files/xml.txt
9	0	server/documents/pipeline files/yml.txt
4	0	server/documents/requirements.txt

--3db84ed--2018-03-16--wellxchen
0	29	server/uploads/xml.txt
0	9	server/uploads/yml.txt

--953ee2f--2018-03-16--wellxchen
2	1	.gitignore
0	0	server/documents/.gitkeep
46	0	server/documents/example.json
0	46	server/example.json

--8476eec--2018-03-16--wellxchen
2	1	.gitignore
1	1	requirements.txt
34	2	server/ProcessSonar.py
4	1	server/categories.py
13	1	server/utility.py
0	6	sonarqube_backend.wsgi

--71fe35d--2018-03-08--wellxchen
8	8	server/categories.py
12	3	server/utility.py

--c38e443--2018-03-08--wellxchen
3	5	server/ProcessSonar.py
4	4	server/categories.py
7	7	server/utility.py

--427c1db--2018-03-08--wellxchen
4	2	server/ProcessSonar.py

--8f5c2e7--2018-03-08--wellxchen
3	3	server/ProcessSonar.py
1	0	server/utility.py

--05ffb04--2018-03-07--wellxchen
3	3	server/ProcessSonar.py

--ad3c30a--2018-03-07--wellxchen
15	10	server/ProcessSonar.py
36	5	server/categories.py
52	15	server/utility.py

--d730573--2018-03-07--wellxchen
4	0	requirements.txt

--a094d71--2018-03-07--wellxchen
1	1	server/ProcessSonar.py

--dd31c3f--2018-03-06--wellxchen
6	4	server/ProcessSonar.py

--ca4d00d--2018-03-06--chengkang Xu
0	1	.env

--6cab611--2018-03-06--chengkang Xu
1	0	.env

--3049b54--2018-03-06--wellxchen
1	0	.gitignore
8	6	server/ProcessSonar.py

--f87f1f5--2018-03-05--wellxchen
1	1	server/ProcessSonar.py

--0d2255c--2018-03-05--wellxchen
1	1	server/ProcessSonar.py

--0e3de14--2018-03-05--wellxchen
1	1	server/ProcessSonar.py

--772f6ee--2018-03-05--wellxchen
3	3	server/ProcessSonar.py
6	6	server/__init__.py

--9c469d7--2018-03-05--wellxchen
4	3	server/ProcessSonar.py
3	3	server/utility.py

--2c05c7c--2018-03-05--wellxchen
58	12	server/ProcessSonar.py
7	0	server/__init__.py
14	0	server/utility.py

--0d3d6eb--2018-03-05--wellxchen
6	1	server/ProcessSonar.py
22	1	server/utility.py

--560431f--2018-03-04--wellxchen
4	3	server/ProcessSonar.py

--50b55b4--2018-03-04--wellxchen
16	1	server/ProcessSonar.py

--1a1164d--2018-03-04--wellxchen
5	2	server/ProcessSonar.py
2	0	server/utility.py

--e95bb66--2018-03-04--wellxchen
1	1	server/__init__.py

--e2ec3fe--2018-03-04--wellxchen
68	3	server/ProcessSonar.py
6	0	server/__init__.py
35	9	server/utility.py

--0cef149--2018-03-03--wellxchen
8	4	server/ProcessSonar.py
1	2	server/categories.py
37	3	server/utility.py

--b5b20a2--2018-02-25--wellxchen
2	2	server/ProcessSonar.py

--3e295bd--2018-02-24--wellxchen
9	10	server/ProcessSonar.py
4	1	server/__init__.py

--9ef6bcc--2018-02-24--wellxchen
1	0	server/ProcessSonar.py

--156af2c--2018-02-18--wellxchen
3	2	server/ProcessSonar.py
2	0	server/utility.py

--dcb5198--2018-02-18--wellxchen
1	1	server/ProcessSonar.py

--f905f81--2018-02-18--wellxchen
1	1	server/ProcessSonar.py

--7b637f3--2018-02-18--wellxchen
23	25	server/ProcessSonar.py
14	7	server/categories.py
15	13	server/utility.py

--507ef64--2018-02-18--wellxchen
55	17	server/ProcessSonar.py
6	1	server/__init__.py
8	3	server/utility.py

--0e61bbe--2018-02-08--wellxchen
14	18	server/ProcessSonar.py
21	12	server/categories.py
12	10	server/utility.py

--9d1ce83--2018-02-06--wellxchen
2	8	server/ProcessSonar.py
6	0	server/categories.py
15	10	server/utility.py

--beb8f43--2018-02-06--wellxchen
25	52	server/ProcessSonar.py
8	3	server/__init__.py
7	7	server/categories.py
63	4	server/utility.py

--0f168ea--2018-02-06--wellxchen
1	1	server/ProcessSonar.py

--137f6ed--2018-02-06--wellxchen
1	1	server/ProcessSonar.py

--d9d7c0f--2018-02-06--wellxchen
59	50	server/ProcessSonar.py
1	0	server/categories.py
35	0	server/utility.py

--86a6b84--2018-02-05--wellxchen
1	1	server/__init__.py

--852367e--2018-02-05--wellxchen
26	6	server/ProcessSonar.py
1	1	server/utility.py

--c912391--2018-02-05--chengkang Xu
1	1	server/__init__.py

--6dcb0b2--2018-02-05--chengkang Xu
1	1	README.md

--6a6da98--2018-02-05--chengkang Xu
0	45	README.md

--fa3cd03--2018-02-05--chengkang Xu
1	1	README.md

--6b866df--2018-02-05--chengkang Xu
-	-	server/.DS_Store

--7611363--2018-02-05--chengkang Xu
-	-	.DS_Store

--f3b1e93--2018-02-05--chengkang Xu
--72a2667--2018-02-05--chengkang Xu
42	0	server/__init__.py
0	42	server/server.py

--ff8ac66--2018-02-05--Zachary Marion
-	-	.DS_Store
-	-	server/.DS_Store
42	0	server/__init__.py
0	42	server/server.py
6	0	sonarqube_backend.wsgi

--b935654--2018-02-02--cx33
3	3	server/ProcessSonar.py
0	2	server/server.py
2	0	server/utility.py

--4e3f739--2018-02-01--cx33
10	114	server/ProcessSonar.py
110	1	server/utility.py

--747592d--2018-02-01--cx33
13	8	server/ProcessSonar.py
8	5	server/server.py

--c94ec35--2018-02-01--cx33
4	0	server/ProcessSonar.py
11	0	server/server.py
29	0	server/uploads/xml.txt
9	0	server/uploads/yml.txt

--fc3ae2d--2018-02-01--cx33
7	3	server/ProcessSonar.py
15	3	server/server.py

--6871d5f--2018-01-31--cx33
2	2	server/ProcessSonar.py

--70ef301--2018-01-31--chengkang Xu
1	1	README.md

--a611517--2018-01-31--cx33
17	17	server/ProcessSonar.py

--872cd1f--2018-01-31--cx33
3	9	server/ProcessSonar.py
0	16	server/makeMapping.py
21	0	server/utility.py

--7c8764c--2018-01-30--cx33
1	1	server/ProcessSonar.py

--7f57201--2018-01-30--cx33
122	33	server/ProcessSonar.py
229	0	server/categories.py
0	188	server/rules.py

--b2f3cdc--2018-01-30--cx33
2	2	server/makeMapping.py
152	12	server/rules.py

--88b597b--2018-01-30--cx33
13	68	server/ProcessSonar.py
16	0	server/makeMapping.py
48	0	server/rules.py

--bf17d08--2018-01-30--chengkang Xu
1	1	server/ProcessSonar.py

--e26bad8--2018-01-29--cx33
0	1	server/ProcessSonar.py

--2847d86--2018-01-29--cx33
1	1	server/ProcessSonar.py

--16e62b8--2018-01-29--cx33
70	65	server/ProcessSonar.py

--cc79fa0--2018-01-29--cx33
16	1	server/ProcessSonar.py

--01250cf--2018-01-29--cx33
43	22	server/ProcessSonar.py
1	1	server/server.py

--fb27ae1--2018-01-29--cx33
1	1	server/ProcessSonar.py

--4c7634b--2018-01-29--cx33
1	1	server/ProcessSonar.py

--ce6f75f--2018-01-29--cx33
5	0	server/ProcessSonar.py

--38ca952--2018-01-29--chengkang xu
4	6	server/ProcessSonar.py

--98592fe--2018-01-29--chengkang xu
14	3	server/ProcessSonar.py

--28e0379--2018-01-29--chengkang Xu
2	2	server/ProcessSonar.py

--00c0f29--2018-01-28--chengkang xu
-	-	server/handler.pyc

--a1ca4b7--2018-01-28--chengkang Xu
--321889c--2018-01-28--chengkang xu
13	3	server/ProcessSonar.py
1	1	server/server.py

--2490104--2018-01-28--Zachary Marion
-	-	server/ProcessSonar.pyc

--2fbc84c--2018-01-28--Zachary Marion
-	-	server/ProcessSonar.pyc
2	0	server/server.py

--0251c35--2018-01-28--Zachary Marion
1	0	.gitignore

--fa391df--2018-01-27--chengkang xu
18	2	server/ProcessSonar.py
-	-	server/ProcessSonar.pyc
6	3	server/example.json

--58da449--2018-01-27--chengkang Xu
1	1	README.md

--cc7fb30--2018-01-27--chengkang Xu
1	1	README.md

--6f51334--2018-01-27--chengkang xu
132	0	server/ProcessSonar.py
-	-	server/ProcessSonar.pyc
6	6	server/example.json
-	-	server/handler.pyc
-	-	server/json format.png
0	9	server/node_modules/python-shell/.jshintrc
0	1	server/node_modules/python-shell/.npmignore
0	10	server/node_modules/python-shell/CHANGELOG.md
0	261	server/node_modules/python-shell/README.md
0	248	server/node_modules/python-shell/index.js
0	58	server/node_modules/python-shell/package.json
0	9	server/node_modules/python-shell/test/.jshintrc
0	5	server/node_modules/python-shell/test/python/echo_args.py
0	4	server/node_modules/python-shell/test/python/echo_binary.py
0	5	server/node_modules/python-shell/test/python/echo_json.py
0	5	server/node_modules/python-shell/test/python/echo_text.py
0	6	server/node_modules/python-shell/test/python/error.py
0	3	server/node_modules/python-shell/test/python/exit-code.py
0	290	server/node_modules/python-shell/test/test-python-shell.js
0	11	server/package-lock.json
0	111	server/server.js
8	164	server/server.py

--d2a110b--2018-01-22--chengkang xu
6	6	server/server.py

--1444ae9--2018-01-20--chengkang Xu
1	1	README.md

--2c717da--2018-01-18--chengkang Xu
1	1	README.md

--a6b1cac--2018-01-18--chengkang Xu
1	1	README.md

--052d0e8--2018-01-18--chengkang Xu
45	1	README.md

--56c791f--2018-01-18--chengkang Xu
2	2	README.md

--1c1b4a8--2018-01-18--chengkang Xu
2	2	README.md

--aa1659c--2018-01-18--chengkang Xu
2	2	README.md

--e1612e5--2018-01-18--chengkang Xu
1	44	README.md

--bcfe84f--2018-01-18--chengkang Xu
47	0	README.md

--a173acd--2018-01-18--chengkang xu
43	0	server/example.json
0	12	server/index.html
1	0	server/server.py

--e0000c1--2018-01-18--chengkang xu
-	-	server/json format.png
-	-	server/json format.txt

--22a9839--2018-01-18--chengkang xu
13	7	server/server.js

--849898b--2018-01-18--chengkang xu
9	3	server/server.js

--c74ccfe--2018-01-17--chengkang xu
-	-	server/json format.txt
1	1	server/server.js

--abd5c57--2018-01-17--chengkang Xu
3	0	README.md

--3853bf2--2018-01-17--chengkang xu
12	0	server/index.html
9	0	server/node_modules/python-shell/.jshintrc
1	0	server/node_modules/python-shell/.npmignore
10	0	server/node_modules/python-shell/CHANGELOG.md
261	0	server/node_modules/python-shell/README.md
248	0	server/node_modules/python-shell/index.js
58	0	server/node_modules/python-shell/package.json
9	0	server/node_modules/python-shell/test/.jshintrc
5	0	server/node_modules/python-shell/test/python/echo_args.py
4	0	server/node_modules/python-shell/test/python/echo_binary.py
5	0	server/node_modules/python-shell/test/python/echo_json.py
5	0	server/node_modules/python-shell/test/python/echo_text.py
6	0	server/node_modules/python-shell/test/python/error.py
3	0	server/node_modules/python-shell/test/python/exit-code.py
290	0	server/node_modules/python-shell/test/test-python-shell.js
11	0	server/package-lock.json
99	0	server/server.js
171	0	server/server.py
